0 info it worked if it ends with ok
1 verbose cli [ 'D:\\nodejs\\node.exe',
1 verbose cli   'D:\\nodejs\\node_modules\\npm\\bin\\npm-cli.js',
1 verbose cli   'run',
1 verbose cli   'tem',
1 verbose cli   'register' ]
2 info using npm@3.6.0
3 info using node@v5.7.0
4 verbose run-script [ 'pretem', 'tem', 'posttem' ]
5 info lifecycle taroConvert@1.0.0~pretem: taroConvert@1.0.0
6 silly lifecycle taroConvert@1.0.0~pretem: no script for pretem, continuing
7 info lifecycle taroConvert@1.0.0~tem: taroConvert@1.0.0
8 verbose lifecycle taroConvert@1.0.0~tem: unsafe-perm in lifecycle true
9 verbose lifecycle taroConvert@1.0.0~tem: PATH: D:\nvm\v5.7.0\node_modules\npm\bin\node-gyp-bin;E:\newspace\wxesale\taroConvert\node_modules\.bin;C:\Users\Administrator\bin;D:\Program Files\Git\mingw64\bin;D:\Program Files\Git\usr\local\bin;D:\Program Files\Git\usr\bin;D:\Program Files\Git\usr\bin;D:\Program Files\Git\mingw64\bin;D:\Program Files\Git\usr\bin;C:\Users\Administrator\bin;C:\Program Files (x86)\Common Files\Oracle\Java\javapath;C:\Windows\system32;C:\Windows;C:\Windows\System32\Wbem;C:\Windows\System32\WindowsPowerShell\v1.0;D:\JavaGreen\apache-maven-3.5.3\bin;D:\Program Files\Java\jdk1.8.0_191\bin;D:\nvm;D:\nodejs;C:\Users\Administrator\AppData\Local\Microsoft\WindowsApps;C:\Users\Administrator\AppData\Roaming\nvm;D:\Program Files (x86)\Fiddler;D:\Program Files\Microsoft VS Code\bin;D:\nvm;D:\nodejs;C:\Windows\system32;C:\Users\Administrator\AppData\Local\Android\Sdk\platform-tools;D:\Program Files\Java\jdk1.8.0_201\bin;D:\Program Files\Java\jdk1.8.0_201\jre\bin;D:\Program Files\Git\usr\bin\vendor_perl;D:\Program Files\Git\usr\bin\core_perl
10 verbose lifecycle taroConvert@1.0.0~tem: CWD: E:\newspace\wxesale\taroConvert
11 silly lifecycle taroConvert@1.0.0~tem: Args: [ '/d /s /c', 'node template "register"' ]
12 silly lifecycle taroConvert@1.0.0~tem: Returned: code: 1  signal: null
13 info lifecycle taroConvert@1.0.0~tem: Failed to exec tem script
14 verbose stack Error: taroConvert@1.0.0 tem: `node template "register"`
14 verbose stack Exit status 1
14 verbose stack     at EventEmitter.<anonymous> (D:\nvm\v5.7.0\node_modules\npm\lib\utils\lifecycle.js:232:16)
14 verbose stack     at emitTwo (events.js:100:13)
14 verbose stack     at EventEmitter.emit (events.js:185:7)
14 verbose stack     at ChildProcess.<anonymous> (D:\nvm\v5.7.0\node_modules\npm\lib\utils\spawn.js:24:14)
14 verbose stack     at emitTwo (events.js:100:13)
14 verbose stack     at ChildProcess.emit (events.js:185:7)
14 verbose stack     at maybeClose (internal/child_process.js:827:16)
14 verbose stack     at Process.ChildProcess._handle.onexit (internal/child_process.js:211:5)
15 verbose pkgid taroConvert@1.0.0
16 verbose cwd E:\newspace\wxesale\taroConvert
17 error Windows_NT 10.0.14393
18 error argv "D:\\nodejs\\node.exe" "D:\\nodejs\\node_modules\\npm\\bin\\npm-cli.js" "run" "tem" "register"
19 error node v5.7.0
20 error npm  v3.6.0
21 error code ELIFECYCLE
22 error taroConvert@1.0.0 tem: `node template "register"`
22 error Exit status 1
23 error Failed at the taroConvert@1.0.0 tem script 'node template "register"'.
23 error Make sure you have the latest version of node.js and npm installed.
23 error If you do, this is most likely a problem with the taroConvert package,
23 error not with npm itself.
23 error Tell the author that this fails on your system:
23 error     node template "register"
23 error You can get information on how to open an issue for this project with:
23 error     npm bugs taroConvert
23 error Or if that isn't available, you can get their info via:
23 error     npm owner ls taroConvert
23 error There is likely additional logging output above.
24 verbose exit [ 1, true ]
